<?xml version="1.0" encoding="UTF-8"?>
<!-- Generated by org.testng.reporters.JUnitReportReporter -->
<testsuite hostname="ZSCHN01LP0292" failures="0" tests="1" name="Framework.PdfStripper" time="0.007" errors="0" timestamp="2022-11-08T15:27:44 IST" skipped="0">
  <testcase classname="Framework.PdfStripper" name="verifyTextFromPDF" time="0.007"/>
  <system-out/>
</testsuite> <!-- Framework.PdfStripper -->
