<?xml version="1.0" encoding="UTF-8"?>
<!-- Generated by org.testng.reporters.JUnitReportReporter -->
<testsuite hostname="ZSCHN01LP0292" failures="0" tests="1" name="Test.TestMail" time="0.004" errors="0" timestamp="2022-11-01T15:12:44 IST" skipped="0">
  <testcase classname="Test.TestMail" name="UserCreationTest" time="0.004"/>
  <system-out/>
</testsuite> <!-- Test.TestMail -->
