<?xml version="1.0" encoding="UTF-8"?>
<!-- Generated by org.testng.reporters.JUnitReportReporter -->
<testsuite hostname="ZSCHN01LP0292" failures="0" tests="1" name="Test.GetEmailTest" time="0.089" errors="0" timestamp="2022-11-08T15:25:02 IST" skipped="0">
  <testcase classname="Test.GetEmailTest" name="readPdf" time="0.089"/>
  <system-out/>
</testsuite> <!-- Test.GetEmailTest -->
