<?xml version="1.0" encoding="UTF-8"?>
<!-- Generated by org.testng.reporters.JUnitReportReporter -->
<testsuite hostname="ZSCHN01LP0292" failures="0" tests="1" name="Framework.ReadingMails" time="2.951" errors="0" timestamp="2022-11-01T12:57:05 IST" skipped="0">
  <testcase classname="Framework.ReadingMails" name="getMail" time="2.951"/>
  <system-out/>
</testsuite> <!-- Framework.ReadingMails -->
